<?xml version="1.0" encoding="UTF-8"?>
<testng-results skipped="0" failed="0" total="2" passed="2">
  <reporter-output>
  </reporter-output>
  <suite name="Default suite" duration-ms="27" started-at="2016-07-18T05:27:06Z" finished-at="2016-07-18T05:27:06Z">
    <groups>
    </groups>
    <test name="Default test" duration-ms="27" started-at="2016-07-18T05:27:06Z" finished-at="2016-07-18T05:27:06Z">
      <class name="TestNG.TestNGDataPrviderExample">
        <test-method status="PASS" signature="sturecord(java.lang.String, java.lang.String, java.lang.String)[pri:0, instance:TestNG.TestNGDataPrviderExample@12843fce]" name="sturecord" duration-ms="9" started-at="2016-07-18T00:27:06Z" data-provider="studata" finished-at="2016-07-18T00:27:06Z">
          <params>
            <param index="0">
              <value>
                <![CDATA[Ajay]]>
              </value>
            </param>
            <param index="1">
              <value>
                <![CDATA[Bharat]]>
              </value>
            </param>
            <param index="2">
              <value>
                <![CDATA[Vijay]]>
              </value>
            </param>
          </params>
          <reporter-output>
          </reporter-output>
        </test-method> <!-- sturecord -->
        <test-method status="PASS" signature="sturecord(java.lang.String, java.lang.String, java.lang.String)[pri:0, instance:TestNG.TestNGDataPrviderExample@12843fce]" name="sturecord" duration-ms="3" started-at="2016-07-18T00:27:06Z" data-provider="studata" finished-at="2016-07-18T00:27:06Z">
          <params>
            <param index="0">
              <value>
                <![CDATA[Bhanu]]>
              </value>
            </param>
            <param index="1">
              <value>
                <![CDATA[Bhav]]>
              </value>
            </param>
            <param index="2">
              <value>
                <![CDATA[Vijay]]>
              </value>
            </param>
          </params>
          <reporter-output>
          </reporter-output>
        </test-method> <!-- sturecord -->
      </class> <!-- TestNG.TestNGDataPrviderExample -->
    </test> <!-- Default test -->
  </suite> <!-- Default suite -->
</testng-results>
