<?xml version="1.0" encoding="UTF-8"?>
<!-- Generated by org.testng.reporters.JUnitXMLReporter -->
<testsuite hostname="BharatPC" name="featured 3" tests="9" failures="0" timestamp="18 Jul 2016 04:38:07 GMT" time="0.044" errors="0">
  <testcase name="registration" time="0.001" classname="TestNG.DependTest"/>
  <testcase name="login" time="0.002" classname="TestNG.DependTest"/>
  <testcase name="f" time="0.001" classname="TestNG.FirstTest"/>
  <testcase name="B" time="0.003" classname="TestNG.FirstTest"/>
  <testcase name="checking" time="0.005" classname="TestNG.GroupsVerify"/>
  <testcase name="deposit" time="0.002" classname="TestNG.GroupsVerify"/>
  <testcase name="internetlogin" time="0.001" classname="TestNG.GroupsVerify"/>
  <testcase name="withrawl" time="0.001" classname="TestNG.GroupsVerify"/>
  <testcase name="f" time="0.001" classname="TestNG.SecondTest"/>
</testsuite> <!-- featured 3 -->
