<?xml version="1.0" encoding="UTF-8"?>
<testng-results skipped="0" failed="0" total="4" passed="4">
  <reporter-output>
  </reporter-output>
  <suite name="Default suite" duration-ms="116" started-at="2016-08-02T02:50:29Z" finished-at="2016-08-02T02:50:29Z">
    <groups>
    </groups>
    <test name="Default test" duration-ms="116" started-at="2016-08-02T02:50:29Z" finished-at="2016-08-02T02:50:29Z">
      <class name="com.nlscinc.javapractise2.FBMavenProject.FbTest">
        <test-method status="PASS" signature="beforeMethod()[pri:0, instance:com.nlscinc.javapractise2.FBMavenProject.FbTest@51565ec2]" name="beforeMethod" is-config="true" duration-ms="25" started-at="2016-08-01T21:50:29Z" finished-at="2016-08-01T21:50:29Z">
          <reporter-output>
          </reporter-output>
        </test-method> <!-- beforeMethod -->
        <test-method status="PASS" signature="signup()[pri:0, instance:com.nlscinc.javapractise2.FBMavenProject.FbTest@51565ec2]" name="signup" duration-ms="6" started-at="2016-08-01T21:50:29Z" finished-at="2016-08-01T21:50:29Z">
          <reporter-output>
          </reporter-output>
        </test-method> <!-- signup -->
        <test-method status="PASS" signature="afterMethod()[pri:0, instance:com.nlscinc.javapractise2.FBMavenProject.FbTest@51565ec2]" name="afterMethod" is-config="true" duration-ms="0" started-at="2016-08-01T21:50:29Z" finished-at="2016-08-01T21:50:29Z">
          <reporter-output>
          </reporter-output>
        </test-method> <!-- afterMethod -->
        <test-method status="PASS" signature="signin()[pri:0, instance:com.nlscinc.javapractise2.FBMavenProject.FbTest@51565ec2]" name="signin" duration-ms="1" started-at="2016-08-01T21:50:29Z" depends-on-methods="com.nlscinc.javapractise2.FBMavenProject.FbTest.signup" finished-at="2016-08-01T21:50:29Z">
          <reporter-output>
          </reporter-output>
        </test-method> <!-- signin -->
        <test-method status="PASS" signature="beforeMethod()[pri:0, instance:com.nlscinc.javapractise2.FBMavenProject.FbTest@51565ec2]" name="beforeMethod" is-config="true" duration-ms="0" started-at="2016-08-01T21:50:29Z" finished-at="2016-08-01T21:50:29Z">
          <reporter-output>
          </reporter-output>
        </test-method> <!-- beforeMethod -->
        <test-method status="PASS" signature="afterMethod()[pri:0, instance:com.nlscinc.javapractise2.FBMavenProject.FbTest@51565ec2]" name="afterMethod" is-config="true" duration-ms="0" started-at="2016-08-01T21:50:29Z" finished-at="2016-08-01T21:50:29Z">
          <reporter-output>
          </reporter-output>
        </test-method> <!-- afterMethod -->
        <test-method status="PASS" signature="beforeMethod()[pri:0, instance:com.nlscinc.javapractise2.FBMavenProject.FbTest@51565ec2]" name="beforeMethod" is-config="true" duration-ms="1" started-at="2016-08-01T21:50:29Z" finished-at="2016-08-01T21:50:29Z">
          <reporter-output>
          </reporter-output>
        </test-method> <!-- beforeMethod -->
        <test-method status="PASS" signature="newsfeedpage()[pri:0, instance:com.nlscinc.javapractise2.FBMavenProject.FbTest@51565ec2]" name="newsfeedpage" duration-ms="1" started-at="2016-08-01T21:50:29Z" depends-on-methods="com.nlscinc.javapractise2.FBMavenProject.FbTest.signin" finished-at="2016-08-01T21:50:29Z">
          <reporter-output>
          </reporter-output>
        </test-method> <!-- newsfeedpage -->
        <test-method status="PASS" signature="afterMethod()[pri:0, instance:com.nlscinc.javapractise2.FBMavenProject.FbTest@51565ec2]" name="afterMethod" is-config="true" duration-ms="0" started-at="2016-08-01T21:50:29Z" finished-at="2016-08-01T21:50:29Z">
          <reporter-output>
          </reporter-output>
        </test-method> <!-- afterMethod -->
        <test-method status="PASS" signature="signout()[pri:0, instance:com.nlscinc.javapractise2.FBMavenProject.FbTest@51565ec2]" name="signout" duration-ms="7" started-at="2016-08-01T21:50:29Z" depends-on-methods="com.nlscinc.javapractise2.FBMavenProject.FbTest.newsfeedpage" finished-at="2016-08-01T21:50:29Z">
          <reporter-output>
          </reporter-output>
        </test-method> <!-- signout -->
        <test-method status="PASS" signature="beforeMethod()[pri:0, instance:com.nlscinc.javapractise2.FBMavenProject.FbTest@51565ec2]" name="beforeMethod" is-config="true" duration-ms="0" started-at="2016-08-01T21:50:29Z" finished-at="2016-08-01T21:50:29Z">
          <reporter-output>
          </reporter-output>
        </test-method> <!-- beforeMethod -->
        <test-method status="PASS" signature="afterMethod()[pri:0, instance:com.nlscinc.javapractise2.FBMavenProject.FbTest@51565ec2]" name="afterMethod" is-config="true" duration-ms="0" started-at="2016-08-01T21:50:29Z" finished-at="2016-08-01T21:50:29Z">
          <reporter-output>
          </reporter-output>
        </test-method> <!-- afterMethod -->
      </class> <!-- com.nlscinc.javapractise2.FBMavenProject.FbTest -->
    </test> <!-- Default test -->
  </suite> <!-- Default suite -->
</testng-results>
